<?xml version="1.0" encoding="UTF-8"?>
<!-- Generated by org.testng.reporters.JUnitXMLReporter -->
<testsuite ignored="1" hostname="NgD" failures="0" tests="1" name="Default test" time="7.593" errors="0" timestamp="2025-04-08T10:58:07 GMT+07:00">
  <testcase classname="automation.testsuite.Subscription_Test" name="subscriptionInCartPageSuccessfully" time="3.364"/>
  <testcase classname="automation.testsuite.Subscription_Test" name="subscriptionInHomePageSuccessfully" time="0.0">
    <ignored/>
  </testcase> <!-- subscriptionInHomePageSuccessfully -->
</testsuite> <!-- Default test -->
