<?xml version="1.0" encoding="UTF-8"?>
<!-- Generated by org.testng.reporters.JUnitXMLReporter -->
<testsuite ignored="2" hostname="NgD" failures="0" tests="1" name="Default test" time="46.813" errors="0" timestamp="2025-04-09T10:25:15 GMT+07:00">
  <testcase classname="automation.testsuite.Cart_Test" name="registerWhileCheckoutSuccessfully" time="37.317"/>
  <testcase classname="automation.testsuite.Cart_Test" name="verifyProductQtyInCart" time="0.0">
    <ignored/>
  </testcase> <!-- verifyProductQtyInCart -->
  <testcase classname="automation.testsuite.Cart_Test" name="addToCartSuccessfully" time="0.0">
    <ignored/>
  </testcase> <!-- addToCartSuccessfully -->
</testsuite> <!-- Default test -->
