<?xml version="1.0" encoding="UTF-8"?>
<!-- Generated by org.testng.reporters.JUnitReportReporter -->
<testsuite hostname="NgD" failures="0" tests="2" name="automation.testsuite.Login_Test" time="14.102" errors="0" timestamp="2025-05-21T11:30:41 ICT" skipped="0">
  <testcase classname="automation.testsuite.Login_Test" name="LoginUnsuccessfully_IncorredtEmailPassword" time="6.611"/>
  <testcase classname="automation.testsuite.Login_Test" name="LoginSuccessfully" time="7.491"/>
</testsuite> <!-- automation.testsuite.Login_Test -->
