<?xml version="1.0" encoding="UTF-8"?>
<testng-results ignored="0" total="1" passed="1" failed="0" skipped="0">
  <reporter-output>
  </reporter-output>
  <suite started-at="2025-04-08T12:38:17 GMT+07:00" name="Default suite" finished-at="2025-04-08T12:38:29 GMT+07:00" duration-ms="12025">
    <groups>
    </groups>
    <test started-at="2025-04-08T12:38:17 GMT+07:00" name="Default test" finished-at="2025-04-08T12:38:29 GMT+07:00" duration-ms="12025">
      <class name="automation.testsuite.Cart_Test">
        <test-method is-config="true" signature="openBrowser()[pri:0, instance:automation.testsuite.Cart_Test@3514a4c0]" started-at="2025-04-08T12:38:17 GMT+07:00" name="openBrowser" finished-at="2025-04-08T12:38:22 GMT+07:00" duration-ms="4194" status="PASS">
          <reporter-output>
          </reporter-output>
        </test-method> <!-- openBrowser -->
        <test-method signature="addToCartSuccessfully()[pri:0, instance:automation.testsuite.Cart_Test@3514a4c0]" started-at="2025-04-08T12:38:22 GMT+07:00" name="addToCartSuccessfully" finished-at="2025-04-08T12:38:29 GMT+07:00" duration-ms="7672" status="PASS">
          <reporter-output>
          </reporter-output>
        </test-method> <!-- addToCartSuccessfully -->
        <test-method is-config="true" signature="closeBrowser()[pri:0, instance:automation.testsuite.Cart_Test@3514a4c0]" started-at="2025-04-08T12:38:29 GMT+07:00" name="closeBrowser" finished-at="2025-04-08T12:38:29 GMT+07:00" duration-ms="99" status="PASS">
          <reporter-output>
          </reporter-output>
        </test-method> <!-- closeBrowser -->
      </class> <!-- automation.testsuite.Cart_Test -->
    </test> <!-- Default test -->
  </suite> <!-- Default suite -->
</testng-results>
